<?xml version="1.0" encoding="UTF-8" ?>
<testsuite tests="4" failures="0" name="com.example.valley.CounterTest" time="0.231" errors="0" skipped="0">
  <properties>
    <property name="java.vendor" value="Eclipse OpenJ9"/>
    <property name="sun.java.launcher" value="SUN_STANDARD"/>
    <property name="os.name" value="Linux"/>
    <property name="sun.desktop" value="gnome"/>
    <property name="java.vm.specification.vendor" value="Oracle Corporation"/>
    <property name="java.runtime.version" value="11.0.6+10"/>
    <property name="user.name" value="glen"/>
    <property name="java.compiler" value="j9jit29"/>
    <property name="os.encoding" value="UTF-8"/>
    <property name="guice.disable.misplaced.annotation.check" value="true"/>
    <property name="com.ibm.util.extralibs.properties" value=""/>
    <property name="com.ibm.jcl.checkClassPath" value=""/>
    <property name="user.language" value="en"/>
    <property name="com.ibm.oti.vm.bootstrap.library.path" value="/home/glen/.sdkman/candidates/java/11.0.6.j9-adpt/lib/compressedrefs:/home/glen/.sdkman/candidates/java/11.0.6.j9-adpt/lib"/>
    <property name="sun.boot.library.path" value="/home/glen/.sdkman/candidates/java/11.0.6.j9-adpt/lib/compressedrefs:/home/glen/.sdkman/candidates/java/11.0.6.j9-adpt/lib"/>
    <property name="classworlds.conf" value="/home/glen/opt/apache-maven-3.6.3/bin/m2.conf"/>
    <property name="jdk.extensions.version" value="11.0.6.0"/>
    <property name="java.version" value="11.0.6"/>
    <property name="user.timezone" value="Australia/Melbourne"/>
    <property name="com.ibm.system.agent.path" value="/home/glen/.sdkman/candidates/java/11.0.6.j9-adpt/lib"/>
    <property name="sun.arch.data.model" value="64"/>
    <property name="com.ibm.oti.vm.library.version" value="29"/>
    <property name="sun.jnu.encoding" value="UTF-8"/>
    <property name="file.encoding.pkg" value="sun.io"/>
    <property name="file.separator" value="/"/>
    <property name="java.specification.name" value="Java Platform API Specification"/>
    <property name="maven.conf" value="/home/glen/opt/apache-maven-3.6.3/conf"/>
    <property name="java.class.version" value="55.0"/>
    <property name="user.country" value="AU"/>
    <property name="securerandom.source" value="file:/dev/./urandom"/>
    <property name="java.home" value="/home/glen/.sdkman/candidates/java/11.0.6.j9-adpt"/>
    <property name="java.vm.info" value="JRE 11 Linux amd64-64-Bit Compressed References 20200116_433 (JIT enabled, AOT enabled)
OpenJ9   - 6968c18d7
OMR      - 7a1b0239a
JCL      - 104cab2452 based on jdk-11.0.6+10"/>
    <property name="os.version" value="4.4.0-176-generic"/>
    <property name="java.awt.fonts" value=""/>
    <property name="path.separator" value=":"/>
    <property name="java.vm.version" value="openj9-0.18.0"/>
    <property name="user.variant" value=""/>
    <property name="java.awt.printerjob" value="sun.print.PSPrinterJob"/>
    <property name="jdk.extensions.name" value="Extensions for OpenJDK for Eclipse OpenJ9"/>
    <property name="sun.io.unicode.encoding" value="UnicodeLittle"/>
    <property name="awt.toolkit" value="sun.awt.X11.XToolkit"/>
    <property name="ibm.signalhandling.sigint" value="true"/>
    <property name="user.home" value="/home/glen"/>
    <property name="com.ibm.cpu.endian" value="little"/>
    <property name="java.version.date" value="2020-01-14"/>
    <property name="java.specification.vendor" value="Oracle Corporation"/>
    <property name="ibm.signalhandling.sigchain" value="true"/>
    <property name="library.jansi.path" value="/home/glen/opt/apache-maven-3.6.3/lib/jansi-native"/>
    <property name="java.library.path" value="/home/glen/.sdkman/candidates/java/11.0.6.j9-adpt/lib/compressedrefs:/home/glen/.sdkman/candidates/java/11.0.6.j9-adpt/lib:/usr/lib64:/usr/lib"/>
    <property name="java.vendor.url" value="http://www.eclipse.org/openj9"/>
    <property name="java.vm.vendor" value="Eclipse OpenJ9"/>
    <property name="java.fullversion" value="11.0.6+10
JRE 11 Linux amd64-64-Bit Compressed References 20200116_433 (JIT enabled, AOT enabled)
OpenJ9   - 6968c18d7
OMR      - 7a1b0239a
JCL      - 104cab2452 based on jdk-11.0.6+10"/>
    <property name="maven.home" value="/home/glen/opt/apache-maven-3.6.3"/>
    <property name="java.runtime.name" value="OpenJDK Runtime Environment"/>
    <property name="sun.java.command" value="org.codehaus.plexus.classworlds.launcher.Launcher clean install test"/>
    <property name="java.class.path" value="/home/glen/opt/apache-maven-3.6.3/boot/plexus-classworlds-2.6.0.jar"/>
    <property name="java.vm.specification.name" value="Java Virtual Machine Specification"/>
    <property name="sun.java.launcher.pid" value="7170"/>
    <property name="java.vm.specification.version" value="11"/>
    <property name="sun.cpu.endian" value="little"/>
    <property name="java.io.tmpdir" value="/tmp"/>
    <property name="maven.multiModuleProjectDirectory" value="/home/glen/Documents/vscodeProjects/HackerRank"/>
    <property name="ibm.system.encoding" value="UTF-8"/>
    <property name="os.arch" value="amd64"/>
    <property name="java.awt.graphicsenv" value="sun.awt.X11GraphicsEnvironment"/>
    <property name="ibm.signalhandling.rs" value="false"/>
    <property name="user.dir" value="/home/glen/Documents/vscodeProjects/HackerRank"/>
    <property name="line.separator" value="
"/>
    <property name="java.vm.name" value="Eclipse OpenJ9 VM"/>
    <property name="com.ibm.oti.shared.enabled" value="false"/>
    <property name="com.ibm.vm.bitmode" value="64"/>
    <property name="file.encoding" value="UTF-8"/>
    <property name="java.specification.version" value="11"/>
    <property name="com.ibm.oti.configuration" value="scar"/>
    <property name="java.vendor.version" value="AdoptOpenJDK"/>
  </properties>
  <testcase classname="com.example.valley.CounterTest" name="countSingleValley" time="0.084"/>
  <testcase classname="com.example.valley.CounterTest" name="countMultipleValleys" time="0.051"/>
  <testcase classname="com.example.valley.CounterTest" name="countSingleHill" time="0.013"/>
  <testcase classname="com.example.valley.CounterTest" name="countHillThenValley" time="0.083"/>
</testsuite>